In file included from main.cpp:1:0:
solution.h: In member function 'std::vector<int> Solution::spiralOrder(std::vector<std::vector<int> >&)':
solution.h:58:18: error: no match for 'operator=' (operand types are 'std::vector<std::vector<int> >' and 'std::vector<std::vector<int> >::const_iterator {aka __gnu_cxx::__normal_iterator<const std::vector<int>*, std::vector<std::vector<int> > >}')
       for(row_it = matrix.cbegin(), w_row_it = w_matrix.begin();
                  ^
solution.h:58:18: note: candidates are:
In file included from D:/Qt/5.5/Tools/mingw492_32/i686-w64-mingw32/include/c++/vector:69:0,
                 from solution.h:1,
                 from main.cpp:1:
D:/Qt/5.5/Tools/mingw492_32/i686-w64-mingw32/include/c++/bits/vector.tcc:167:5: note: std::vector<_Tp, _Alloc>& std::vector<_Tp, _Alloc>::operator=(const std::vector<_Tp, _Alloc>&) [with _Tp = std::vector<int>; _Alloc = std::allocator<std::vector<int> >]
     vector<_Tp, _Alloc>::
     ^
D:/Qt/5.5/Tools/mingw492_32/i686-w64-mingw32/include/c++/bits/vector.tcc:167:5: note:   no known conversion for argument 1 from 'std::vector<std::vector<int> >::const_iterator {aka __gnu_cxx::__normal_iterator<const std::vector<int>*, std::vector<std::vector<int> > >}' to 'const std::vector<std::vector<int> >&'
In file included from D:/Qt/5.5/Tools/mingw492_32/i686-w64-mingw32/include/c++/vector:64:0,
                 from solution.h:1,
                 from main.cpp:1:
D:/Qt/5.5/Tools/mingw492_32/i686-w64-mingw32/include/c++/bits/stl_vector.h:448:7: note: std::vector<_Tp, _Alloc>& std::vector<_Tp, _Alloc>::operator=(std::vector<_Tp, _Alloc>&&) [with _Tp = std::vector<int>; _Alloc = std::allocator<std::vector<int> >]
       operator=(vector&& __x) noexcept(_Alloc_traits::_S_nothrow_move())
       ^
D:/Qt/5.5/Tools/mingw492_32/i686-w64-mingw32/include/c++/bits/stl_vector.h:448:7: note:   no known conversion for argument 1 from 'std::vector<std::vector<int> >::const_iterator {aka __gnu_cxx::__normal_iterator<const std::vector<int>*, std::vector<std::vector<int> > >}' to 'std::vector<std::vector<int> >&&'
D:/Qt/5.5/Tools/mingw492_32/i686-w64-mingw32/include/c++/bits/stl_vector.h:470:7: note: std::vector<_Tp, _Alloc>& std::vector<_Tp, _Alloc>::operator=(std::initializer_list<_Tp>) [with _Tp = std::vector<int>; _Alloc = std::allocator<std::vector<int> >]
       operator=(initializer_list<value_type> __l)
       ^
D:/Qt/5.5/Tools/mingw492_32/i686-w64-mingw32/include/c++/bits/stl_vector.h:470:7: note:   no known conversion for argument 1 from 'std::vector<std::vector<int> >::const_iterator {aka __gnu_cxx::__normal_iterator<const std::vector<int>*, std::vector<std::vector<int> > >}' to 'std::initializer_list<std::vector<int> >'
In file included from main.cpp:1:0:
solution.h:58:46: error: no match for 'operator=' (operand types are 'std::vector<std::vector<Element> >' and 'std::vector<std::vector<Element> >::iterator {aka __gnu_cxx::__normal_iterator<std::vector<Element>*, std::vector<std::vector<Element> > >}')
       for(row_it = matrix.cbegin(), w_row_it = w_matrix.begin();
                                              ^
solution.h:58:46: note: candidates are:
In file included from D:/Qt/5.5/Tools/mingw492_32/i686-w64-mingw32/include/c++/vector:69:0,
                 from solution.h:1,
                 from main.cpp:1:
D:/Qt/5.5/Tools/mingw492_32/i686-w64-mingw32/include/c++/bits/vector.tcc:167:5: note: std::vector<_Tp, _Alloc>& std::vector<_Tp, _Alloc>::operator=(const std::vector<_Tp, _Alloc>&) [with _Tp = std::vector<Element>; _Alloc = std::allocator<std::vector<Element> >]
     vector<_Tp, _Alloc>::
     ^
D:/Qt/5.5/Tools/mingw492_32/i686-w64-mingw32/include/c++/bits/vector.tcc:167:5: note:   no known conversion for argument 1 from 'std::vector<std::vector<Element> >::iterator {aka __gnu_cxx::__normal_iterator<std::vector<Element>*, std::vector<std::vector<Element> > >}' to 'const std::vector<std::vector<Element> >&'
In file included from D:/Qt/5.5/Tools/mingw492_32/i686-w64-mingw32/include/c++/vector:64:0,
                 from solution.h:1,
                 from main.cpp:1:
D:/Qt/5.5/Tools/mingw492_32/i686-w64-mingw32/include/c++/bits/stl_vector.h:448:7: note: std::vector<_Tp, _Alloc>& std::vector<_Tp, _Alloc>::operator=(std::vector<_Tp, _Alloc>&&) [with _Tp = std::vector<Element>; _Alloc = std::allocator<std::vector<Element> >]
       operator=(vector&& __x) noexcept(_Alloc_traits::_S_nothrow_move())
       ^
D:/Qt/5.5/Tools/mingw492_32/i686-w64-mingw32/include/c++/bits/stl_vector.h:448:7: note:   no known conversion for argument 1 from 'std::vector<std::vector<Element> >::iterator {aka __gnu_cxx::__normal_iterator<std::vector<Element>*, std::vector<std::vector<Element> > >}' to 'std::vector<std::vector<Element> >&&'
D:/Qt/5.5/Tools/mingw492_32/i686-w64-mingw32/include/c++/bits/stl_vector.h:470:7: note: std::vector<_Tp, _Alloc>& std::vector<_Tp, _Alloc>::operator=(std::initializer_list<_Tp>) [with _Tp = std::vector<Element>; _Alloc = std::allocator<std::vector<Element> >]
       operator=(initializer_list<value_type> __l)
       ^
D:/Qt/5.5/Tools/mingw492_32/i686-w64-mingw32/include/c++/bits/stl_vector.h:470:7: note:   no known conversion for argument 1 from 'std::vector<std::vector<Element> >::iterator {aka __gnu_cxx::__normal_iterator<std::vector<Element>*, std::vector<std::vector<Element> > >}' to 'std::initializer_list<std::vector<Element> >'
In file included from main.cpp:1:0:
solution.h:59:11: error: no match for 'operator!=' (operand types are 'std::vector<std::vector<int> >' and 'std::vector<std::vector<int> >::const_iterator {aka __gnu_cxx::__normal_iterator<const std::vector<int>*, std::vector<std::vector<int> > >}')
    row_it != matrix.cend();
           ^
solution.h:59:11: note: candidates are:
In file included from D:/Qt/5.5/Tools/mingw492_32/i686-w64-mingw32/include/c++/bits/stl_algobase.h:64:0,
                 from D:/Qt/5.5/Tools/mingw492_32/i686-w64-mingw32/include/c++/vector:60,
                 from solution.h:1,
                 from main.cpp:1:
D:/Qt/5.5/Tools/mingw492_32/i686-w64-mingw32/include/c++/bits/stl_pair.h:227:5: note: template<class _T1, class _T2> constexpr bool std::operator!=(const std::pair<_T1, _T2>&, const std::pair<_T1, _T2>&)
     operator!=(const pair<_T1, _T2>& __x, const pair<_T1, _T2>& __y)
     ^
D:/Qt/5.5/Tools/mingw492_32/i686-w64-mingw32/include/c++/bits/stl_pair.h:227:5: note:   template argument deduction/substitution failed:
In file included from main.cpp:1:0:
solution.h:59:26: note:   'std::vector<std::vector<int> >' is not derived from 'const std::pair<_T1, _T2>'
    row_it != matrix.cend();
                          ^
In file included from D:/Qt/5.5/Tools/mingw492_32/i686-w64-mingw32/include/c++/bits/stl_algobase.h:67:0,
                 from D:/Qt/5.5/Tools/mingw492_32/i686-w64-mingw32/include/c++/vector:60,
                 from solution.h:1,
                 from main.cpp:1:
D:/Qt/5.5/Tools/mingw492_32/i686-w64-mingw32/include/c++/bits/stl_iterator.h:304:5: note: template<class _Iterator> bool std::operator!=(const std::reverse_iterator<_Iterator>&, const std::reverse_iterator<_Iterator>&)
     operator!=(const reverse_iterator<_Iterator>& __x,
     ^
D:/Qt/5.5/Tools/mingw492_32/i686-w64-mingw32/include/c++/bits/stl_iterator.h:304:5: note:   template argument deduction/substitution failed:
In file included from main.cpp:1:0:
solution.h:59:26: note:   'std::vector<std::vector<int> >' is not derived from 'const std::reverse_iterator<_Iterator>'
    row_it != matrix.cend();
                          ^
In file included from D:/Qt/5.5/Tools/mingw492_32/i686-w64-mingw32/include/c++/bits/stl_algobase.h:67:0,
                 from D:/Qt/5.5/Tools/mingw492_32/i686-w64-mingw32/include/c++/vector:60,
                 from solution.h:1,
                 from main.cpp:1:
D:/Qt/5.5/Tools/mingw492_32/i686-w64-mingw32/include/c++/bits/stl_iterator.h:354:5: note: template<class _IteratorL, class _IteratorR> bool std::operator!=(const std::reverse_iterator<_Iterator>&, const std::reverse_iterator<_IteratorR>&)
     operator!=(const reverse_iterator<_IteratorL>& __x,
     ^
D:/Qt/5.5/Tools/mingw492_32/i686-w64-mingw32/include/c++/bits/stl_iterator.h:354:5: note:   template argument deduction/substitution failed:
In file included from main.cpp:1:0:
solution.h:59:26: note:   'std::vector<std::vector<int> >' is not derived from 'const std::reverse_iterator<_Iterator>'
    row_it != matrix.cend();
                          ^
In file included from D:/Qt/5.5/Tools/mingw492_32/i686-w64-mingw32/include/c++/bits/stl_algobase.h:67:0,
                 from D:/Qt/5.5/Tools/mingw492_32/i686-w64-mingw32/include/c++/vector:60,
                 from solution.h:1,
                 from main.cpp:1:
D:/Qt/5.5/Tools/mingw492_32/i686-w64-mingw32/include/c++/bits/stl_iterator.h:1060:5: note: template<class _IteratorL, class _IteratorR> bool std::operator!=(const std::move_iterator<_Iterator>&, const std::move_iterator<_IteratorR>&)
     operator!=(const move_iterator<_IteratorL>& __x,
     ^
D:/Qt/5.5/Tools/mingw492_32/i686-w64-mingw32/include/c++/bits/stl_iterator.h:1060:5: note:   template argument deduction/substitution failed:
In file included from main.cpp:1:0:
solution.h:59:26: note:   'std::vector<std::vector<int> >' is not derived from 'const std::move_iterator<_Iterator>'
    row_it != matrix.cend();
                          ^
In file included from D:/Qt/5.5/Tools/mingw492_32/i686-w64-mingw32/include/c++/bits/stl_algobase.h:67:0,
                 from D:/Qt/5.5/Tools/mingw492_32/i686-w64-mingw32/include/c++/vector:60,
                 from solution.h:1,
                 from main.cpp:1:
D:/Qt/5.5/Tools/mingw492_32/i686-w64-mingw32/include/c++/bits/stl_iterator.h:1066:5: note: template<class _Iterator> bool std::operator!=(const std::move_iterator<_Iterator>&, const std::move_iterator<_Iterator>&)
     operator!=(const move_iterator<_Iterator>& __x,
     ^
D:/Qt/5.5/Tools/mingw492_32/i686-w64-mingw32/include/c++/bits/stl_iterator.h:1066:5: note:   template argument deduction/substitution failed:
In file included from main.cpp:1:0:
solution.h:59:26: note:   'std::vector<std::vector<int> >' is not derived from 'const std::move_iterator<_Iterator>'
    row_it != matrix.cend();
                          ^
In file included from D:/Qt/5.5/Tools/mingw492_32/i686-w64-mingw32/include/c++/vector:61:0,
                 from solution.h:1,
                 from main.cpp:1:
D:/Qt/5.5/Tools/mingw492_32/i686-w64-mingw32/include/c++/bits/allocator.h:138:5: note: template<class _T1, class _T2> bool std::operator!=(const std::allocator<_Tp1>&, const std::allocator<_T2>&)
     operator!=(const allocator<_T1>&, const allocator<_T2>&)
     ^
D:/Qt/5.5/Tools/mingw492_32/i686-w64-mingw32/include/c++/bits/allocator.h:138:5: note:   template argument deduction/substitution failed:
In file included from main.cpp:1:0:
solution.h:59:26: note:   'std::vector<std::vector<int> >' is not derived from 'const std::allocator<_Tp1>'
    row_it != matrix.cend();
                          ^
In file included from D:/Qt/5.5/Tools/mingw492_32/i686-w64-mingw32/include/c++/vector:61:0,
                 from solution.h:1,
                 from main.cpp:1:
D:/Qt/5.5/Tools/mingw492_32/i686-w64-mingw32/include/c++/bits/allocator.h:143:5: note: template<class _Tp> bool std::operator!=(const std::allocator<_Tp1>&, const std::allocator<_Tp1>&)
     operator!=(const allocator<_Tp>&, const allocator<_Tp>&)
     ^
D:/Qt/5.5/Tools/mingw492_32/i686-w64-mingw32/include/c++/bits/allocator.h:143:5: note:   template argument deduction/substitution failed:
In file included from main.cpp:1:0:
solution.h:59:26: note:   'std::vector<std::vector<int> >' is not derived from 'const std::allocator<_Tp1>'
    row_it != matrix.cend();
                          ^
In file included from D:/Qt/5.5/Tools/mingw492_32/i686-w64-mingw32/include/c++/vector:64:0,
                 from solution.h:1,
                 from main.cpp:1:
D:/Qt/5.5/Tools/mingw492_32/i686-w64-mingw32/include/c++/bits/stl_vector.h:1535:5: note: template<class _Tp, class _Alloc> bool std::operator!=(const std::vector<_Tp, _Alloc>&, const std::vector<_Tp, _Alloc>&)
     operator!=(const vector<_Tp, _Alloc>& __x, const vector<_Tp, _Alloc>& __y)
     ^
D:/Qt/5.5/Tools/mingw492_32/i686-w64-mingw32/include/c++/bits/stl_vector.h:1535:5: note:   template argument deduction/substitution failed:
In file included from main.cpp:1:0:
solution.h:59:26: note:   'std::vector<std::vector<int> >::const_iterator {aka __gnu_cxx::__normal_iterator<const std::vector<int>*, std::vector<std::vector<int> > >}' is not derived from 'const std::vector<_Tp, _Alloc>'
    row_it != matrix.cend();
                          ^
In file included from D:/Qt/5.5/Tools/mingw492_32/i686-w64-mingw32/include/c++/bits/char_traits.h:40:0,
                 from D:/Qt/5.5/Tools/mingw492_32/i686-w64-mingw32/include/c++/string:40,
                 from D:/Qt/5.5/Tools/mingw492_32/i686-w64-mingw32/include/c++/random:40,
                 from D:/Qt/5.5/Tools/mingw492_32/i686-w64-mingw32/include/c++/bits/stl_algo.h:66,
                 from D:/Qt/5.5/Tools/mingw492_32/i686-w64-mingw32/include/c++/algorithm:62,
                 from solution.h:2,
                 from main.cpp:1:
D:/Qt/5.5/Tools/mingw492_32/i686-w64-mingw32/include/c++/bits/postypes.h:221:5: note: template<class _StateT> bool std::operator!=(const std::fpos<_StateT>&, const std::fpos<_StateT>&)
     operator!=(const fpos<_StateT>& __lhs, const fpos<_StateT>& __rhs)
     ^
D:/Qt/5.5/Tools/mingw492_32/i686-w64-mingw32/include/c++/bits/postypes.h:221:5: note:   template argument deduction/substitution failed:
In file included from main.cpp:1:0:
solution.h:59:26: note:   'std::vector<std::vector<int> >' is not derived from 'const std::fpos<_StateT>'
    row_it != matrix.cend();
                          ^
In file included from D:/Qt/5.5/Tools/mingw492_32/i686-w64-mingw32/include/c++/string:52:0,
                 from D:/Qt/5.5/Tools/mingw492_32/i686-w64-mingw32/include/c++/random:40,
                 from D:/Qt/5.5/Tools/mingw492_32/i686-w64-mingw32/include/c++/bits/stl_algo.h:66,
                 from D:/Qt/5.5/Tools/mingw492_32/i686-w64-mingw32/include/c++/algorithm:62,
                 from solution.h:2,
                 from main.cpp:1:
D:/Qt/5.5/Tools/mingw492_32/i686-w64-mingw32/include/c++/bits/basic_string.h:2551:5: note: template<class _CharT, class _Traits, class _Alloc> bool std::operator!=(const std::basic_string<_CharT, _Traits, _Alloc>&, const std::basic_string<_CharT, _Traits, _Alloc>&)
     operator!=(const basic_string<_CharT, _Traits, _Alloc>& __lhs,
     ^
D:/Qt/5.5/Tools/mingw492_32/i686-w64-mingw32/include/c++/bits/basic_string.h:2551:5: note:   template argument deduction/substitution failed:
In file included from main.cpp:1:0:
solution.h:59:26: note:   'std::vector<std::vector<int> >' is not derived from 'const std::basic_string<_CharT, _Traits, _Alloc>'
    row_it != matrix.cend();
                          ^
In file included from D:/Qt/5.5/Tools/mingw492_32/i686-w64-mingw32/include/c++/string:52:0,
                 from D:/Qt/5.5/Tools/mingw492_32/i686-w64-mingw32/include/c++/random:40,
                 from D:/Qt/5.5/Tools/mingw492_32/i686-w64-mingw32/include/c++/bits/stl_algo.h:66,
                 from D:/Qt/5.5/Tools/mingw492_32/i686-w64-mingw32/include/c++/algorithm:62,
                 from solution.h:2,
                 from main.cpp:1:
D:/Qt/5.5/Tools/mingw492_32/i686-w64-mingw32/include/c++/bits/basic_string.h:2563:5: note: template<class _CharT, class _Traits, class _Alloc> bool std::operator!=(const _CharT*, const std::basic_string<_CharT, _Traits, _Alloc>&)
     operator!=(const _CharT* __lhs,
     ^
D:/Qt/5.5/Tools/mingw492_32/i686-w64-mingw32/include/c++/bits/basic_string.h:2563:5: note:   template argument deduction/substitution failed:
In file included from main.cpp:1:0:
solution.h:59:26: note:   mismatched types 'const _CharT*' and 'std::vector<std::vector<int> >'
    row_it != matrix.cend();
                          ^
In file included from D:/Qt/5.5/Tools/mingw492_32/i686-w64-mingw32/include/c++/string:52:0,
                 from D:/Qt/5.5/Tools/mingw492_32/i686-w64-mingw32/include/c++/random:40,
                 from D:/Qt/5.5/Tools/mingw492_32/i686-w64-mingw32/include/c++/bits/stl_algo.h:66,
                 from D:/Qt/5.5/Tools/mingw492_32/i686-w64-mingw32/include/c++/algorithm:62,
                 from solution.h:2,
                 from main.cpp:1:
D:/Qt/5.5/Tools/mingw492_32/i686-w64-mingw32/include/c++/bits/basic_string.h:2575:5: note: template<class _CharT, class _Traits, class _Alloc> bool std::operator!=(const std::basic_string<_CharT, _Traits, _Alloc>&, const _CharT*)
     operator!=(const basic_string<_CharT, _Traits, _Alloc>& __lhs,
     ^
D:/Qt/5.5/Tools/mingw492_32/i686-w64-mingw32/include/c++/bits/basic_string.h:2575:5: note:   template argument deduction/substitution failed:
In file included from main.cpp:1:0:
solution.h:59:26: note:   'std::vector<std::vector<int> >' is not derived from 'const std::basic_string<_CharT, _Traits, _Alloc>'
    row_it != matrix.cend();
                          ^
In file included from D:/Qt/5.5/Tools/mingw492_32/i686-w64-mingw32/include/c++/random:49:0,
                 from D:/Qt/5.5/Tools/mingw492_32/i686-w64-mingw32/include/c++/bits/stl_algo.h:66,
                 from D:/Qt/5.5/Tools/mingw492_32/i686-w64-mingw32/include/c++/algorithm:62,
                 from solution.h:2,
                 from main.cpp:1:
D:/Qt/5.5/Tools/mingw492_32/i686-w64-mingw32/include/c++/bits/random.h:411:5: note: template<class _UIntType, _UIntType __a, _UIntType __c, _UIntType __m> bool std::operator!=(const std::linear_congruential_engine<_UIntType, __a, __c, __m>&, const std::linear_congruential_engine<_UIntType, __a, __c, __m>&)
     operator!=(const std::linear_congruential_engine<_UIntType, __a,
     ^
D:/Qt/5.5/Tools/mingw492_32/i686-w64-mingw32/include/c++/bits/random.h:411:5: note:   template argument deduction/substitution failed:
In file included from main.cpp:1:0:
solution.h:59:26: note:   'std::vector<std::vector<int> >' is not derived from 'const std::linear_congruential_engine<_UIntType, __a, __c, __m>'
    row_it != matrix.cend();
                          ^
In file included from D:/Qt/5.5/Tools/mingw492_32/i686-w64-mingw32/include/c++/random:49:0,
                 from D:/Qt/5.5/Tools/mingw492_32/i686-w64-mingw32/include/c++/bits/stl_algo.h:66,
                 from D:/Qt/5.5/Tools/mingw492_32/i686-w64-mingw32/include/c++/algorithm:62,
                 from solution.h:2,
                 from main.cpp:1:
D:/Qt/5.5/Tools/mingw492_32/i686-w64-mingw32/include/c++/bits/random.h:643:5: note: template<class _UIntType, unsigned int __w, unsigned int __n, unsigned int __m, unsigned int __r, _UIntType __a, unsigned int __u, _UIntType __d, unsigned int __s, _UIntType __b, unsigned int __t, _UIntType __c, unsigned int __l, _UIntType __f> bool std::operator!=(const std::mersenne_twister_engine<_UIntType, __w, __n, __m, __r, __a, __u, __d, __s, __b, __t, __c, __l, __f>&, const std::mersenne_twister_engine<_UIntType, __w, __n, __m, __r, __a, __u, __d, __s, __b, __t, __c, __l, __f>&)
     operator!=(const std::mersenne_twister_engine<_UIntType, __w, __n, __m,
     ^
D:/Qt/5.5/Tools/mingw492_32/i686-w64-mingw32/include/c++/bits/random.h:643:5: note:   template argument deduction/substitution failed:
In file included from main.cpp:1:0:
solution.h:59:26: note:   'std::vector<std::vector<int> >' is not derived from 'const std::mersenne_twister_engine<_UIntType, __w, __n, __m, __r, __a, __u, __d, __s, __b, __t, __c, __l, __f>'
    row_it != matrix.cend();
                          ^
In file included from D:/Qt/5.5/Tools/mingw492_32/i686-w64-mingw32/include/c++/random:49:0,
                 from D:/Qt/5.5/Tools/mingw492_32/i686-w64-mingw32/include/c++/bits/stl_algo.h:66,
                 from D:/Qt/5.5/Tools/mingw492_32/i686-w64-mingw32/include/c++/algorithm:62,
                 from solution.h:2,
                 from main.cpp:1:
D:/Qt/5.5/Tools/mingw492_32/i686-w64-mingw32/include/c++/bits/random.h:842:5: note: template<class _UIntType, unsigned int __w, unsigned int __s, unsigned int __r> bool std::operator!=(const std::subtract_with_carry_engine<_UIntType, __w, __s, __r>&, const std::subtract_with_carry_engine<_UIntType, __w, __s, __r>&)
     operator!=(const std::subtract_with_carry_engine<_UIntType, __w,
     ^
D:/Qt/5.5/Tools/mingw492_32/i686-w64-mingw32/include/c++/bits/random.h:842:5: note:   template argument deduction/substitution failed:
In file included from main.cpp:1:0:
solution.h:59:26: note:   'std::vector<std::vector<int> >' is not derived from 'const std::subtract_with_carry_engine<_UIntType, __w, __s, __r>'
    row_it != matrix.cend();
                          ^
In file included from D:/Qt/5.5/Tools/mingw492_32/i686-w64-mingw32/include/c++/random:49:0,
                 from D:/Qt/5.5/Tools/mingw492_32/i686-w64-mingw32/include/c++/bits/stl_algo.h:66,
                 from D:/Qt/5.5/Tools/mingw492_32/i686-w64-mingw32/include/c++/algorithm:62,
                 from solution.h:2,
                 from main.cpp:1:
D:/Qt/5.5/Tools/mingw492_32/i686-w64-mingw32/include/c++/bits/random.h:1064:5: note: template<class _RandomNumberEngine, unsigned int __p, unsigned int __r> bool std::operator!=(const std::discard_block_engine<_RandomNumberEngine, __p, __r>&, const std::discard_block_engine<_RandomNumberEngine, __p, __r>&)
     operator!=(const std::discard_block_engine<_RandomNumberEngine, __p,
     ^
D:/Qt/5.5/Tools/mingw492_32/i686-w64-mingw32/include/c++/bits/random.h:1064:5: note:   template argument deduction/substitution failed:
In file included from main.cpp:1:0:
solution.h:59:26: note:   'std::vector<std::vector<int> >' is not derived from 'const std::discard_block_engine<_RandomNumberEngine, __p, __r>'
    row_it != matrix.cend();
                          ^
In file included from D:/Qt/5.5/Tools/mingw492_32/i686-w64-mingw32/include/c++/random:49:0,
                 from D:/Qt/5.5/Tools/mingw492_32/i686-w64-mingw32/include/c++/bits/stl_algo.h:66,
                 from D:/Qt/5.5/Tools/mingw492_32/i686-w64-mingw32/include/c++/algorithm:62,
                 from solution.h:2,
                 from main.cpp:1:
D:/Qt/5.5/Tools/mingw492_32/i686-w64-mingw32/include/c++/bits/random.h:1260:5: note: template<class _RandomNumberEngine, unsigned int __w, class _UIntType> bool std::operator!=(const std::independent_bits_engine<_RandomNumberEngine, __w, _UIntType>&, const std::independent_bits_engine<_RandomNumberEngine, __w, _UIntType>&)
     operator!=(const std::independent_bits_engine<_RandomNumberEngine, __w,
     ^
D:/Qt/5.5/Tools/mingw492_32/i686-w64-mingw32/include/c++/bits/random.h:1260:5: note:   template argument deduction/substitution failed:
In file included from main.cpp:1:0:
solution.h:59:26: note:   'std::vector<std::vector<int> >' is not derived from 'const std::independent_bits_engine<_RandomNumberEngine, __w, _UIntType>'
    row_it != matrix.cend();
                          ^
In file included from D:/Qt/5.5/Tools/mingw492_32/i686-w64-mingw32/include/c++/random:49:0,
                 from D:/Qt/5.5/Tools/mingw492_32/i686-w64-mingw32/include/c++/bits/stl_algo.h:66,
                 from D:/Qt/5.5/Tools/mingw492_32/i686-w64-mingw32/include/c++/algorithm:62,
                 from solution.h:2,
                 from main.cpp:1:
D:/Qt/5.5/Tools/mingw492_32/i686-w64-mingw32/include/c++/bits/random.h:1512:5: note: template<class _RandomNumberEngine, unsigned int __k> bool std::operator!=(const std::shuffle_order_engine<_RandomNumberEngine, __k>&, const std::shuffle_order_engine<_RandomNumberEngine, __k>&)
     operator!=(const std::shuffle_order_engine<_RandomNumberEngine,
     ^
D:/Qt/5.5/Tools/mingw492_32/i686-w64-mingw32/include/c++/bits/random.h:1512:5: note:   template argument deduction/substitution failed:
In file included from main.cpp:1:0:
solution.h:59:26: note:   'std::vector<std::vector<int> >' is not derived from 'const std::shuffle_order_engine<_RandomNumberEngine, __k>'
    row_it != matrix.cend();
                          ^
In file included from D:/Qt/5.5/Tools/mingw492_32/i686-w64-mingw32/include/c++/random:49:0,
                 from D:/Qt/5.5/Tools/mingw492_32/i686-w64-mingw32/include/c++/bits/stl_algo.h:66,
                 from D:/Qt/5.5/Tools/mingw492_32/i686-w64-mingw32/include/c++/algorithm:62,
                 from solution.h:2,
                 from main.cpp:1:
D:/Qt/5.5/Tools/mingw492_32/i686-w64-mingw32/include/c++/bits/random.h:1827:5: note: template<class _IntType> bool std::operator!=(const std::uniform_int_distribution<_IntType>&, const std::uniform_int_distribution<_IntType>&)
     operator!=(const std::uniform_int_distribution<_IntType>& __d1,
     ^
D:/Qt/5.5/Tools/mingw492_32/i686-w64-mingw32/include/c++/bits/random.h:1827:5: note:   template argument deduction/substitution failed:
In file included from main.cpp:1:0:
solution.h:59:26: note:   'std::vector<std::vector<int> >' is not derived from 'const std::uniform_int_distribution<_IntType>'
    row_it != matrix.cend();
                          ^
In file included from D:/Qt/5.5/Tools/mingw492_32/i686-w64-mingw32/include/c++/random:49:0,
                 from D:/Qt/5.5/Tools/mingw492_32/i686-w64-mingw32/include/c++/bits/stl_algo.h:66,
                 from D:/Qt/5.5/Tools/mingw492_32/i686-w64-mingw32/include/c++/algorithm:62,
                 from solution.h:2,
                 from main.cpp:1:
D:/Qt/5.5/Tools/mingw492_32/i686-w64-mingw32/include/c++/bits/random.h:2036:5: note: template<class _IntType> bool std::operator!=(const std::uniform_real_distribution<_IntType>&, const std::uniform_real_distribution<_IntType>&)
     operator!=(const std::uniform_real_distribution<_IntType>& __d1,
     ^
D:/Qt/5.5/Tools/mingw492_32/i686-w64-mingw32/include/c++/bits/random.h:2036:5: note:   template argument deduction/substitution failed:
In file included from main.cpp:1:0:
solution.h:59:26: note:   'std::vector<std::vector<int> >' is not derived from 'const std::uniform_real_distribution<_IntType>'
    row_it != matrix.cend();
                          ^
In file included from D:/Qt/5.5/Tools/mingw492_32/i686-w64-mingw32/include/c++/random:49:0,
                 from D:/Qt/5.5/Tools/mingw492_32/i686-w64-mingw32/include/c++/bits/stl_algo.h:66,
                 from D:/Qt/5.5/Tools/mingw492_32/i686-w64-mingw32/include/c++/algorithm:62,
                 from solution.h:2,
                 from main.cpp:1:
D:/Qt/5.5/Tools/mingw492_32/i686-w64-mingw32/include/c++/bits/random.h:2285:5: note: template<class _RealType> bool std::operator!=(const std::normal_distribution<_RealType>&, const std::normal_distribution<_RealType>&)
     operator!=(const std::normal_distribution<_RealType>& __d1,
     ^
D:/Qt/5.5/Tools/mingw492_32/i686-w64-mingw32/include/c++/bits/random.h:2285:5: note:   template argument deduction/substitution failed:
In file included from main.cpp:1:0:
solution.h:59:26: note:   'std::vector<std::vector<int> >' is not derived from 'const std::normal_distribution<_RealType>'
    row_it != matrix.cend();
                          ^
In file included from D:/Qt/5.5/Tools/mingw492_32/i686-w64-mingw32/include/c++/random:49:0,
                 from D:/Qt/5.5/Tools/mingw492_32/i686-w64-mingw32/include/c++/bits/stl_algo.h:66,
                 from D:/Qt/5.5/Tools/mingw492_32/i686-w64-mingw32/include/c++/algorithm:62,
                 from solution.h:2,
                 from main.cpp:1:
D:/Qt/5.5/Tools/mingw492_32/i686-w64-mingw32/include/c++/bits/random.h:2489:5: note: template<class _RealType> bool std::operator!=(const std::lognormal_distribution<_RealType>&, const std::lognormal_distribution<_RealType>&)
     operator!=(const std::lognormal_distribution<_RealType>& __d1,
     ^
D:/Qt/5.5/Tools/mingw492_32/i686-w64-mingw32/include/c++/bits/random.h:2489:5: note:   template argument deduction/substitution failed:
In file included from main.cpp:1:0:
solution.h:59:26: note:   'std::vector<std::vector<int> >' is not derived from 'const std::lognormal_distribution<_RealType>'
    row_it != matrix.cend();
                          ^
In file included from D:/Qt/5.5/Tools/mingw492_32/i686-w64-mingw32/include/c++/random:49:0,
                 from D:/Qt/5.5/Tools/mingw492_32/i686-w64-mingw32/include/c++/bits/stl_algo.h:66,
                 from D:/Qt/5.5/Tools/mingw492_32/i686-w64-mingw32/include/c++/algorithm:62,
                 from solution.h:2,
                 from main.cpp:1:
D:/Qt/5.5/Tools/mingw492_32/i686-w64-mingw32/include/c++/bits/random.h:2709:6: note: template<class _RealType> bool std::operator!=(const std::gamma_distribution<_RealType>&, const std::gamma_distribution<_RealType>&)
      operator!=(const std::gamma_distribution<_RealType>& __d1,
      ^
D:/Qt/5.5/Tools/mingw492_32/i686-w64-mingw32/include/c++/bits/random.h:2709:6: note:   template argument deduction/substitution failed:
In file included from main.cpp:1:0:
solution.h:59:26: note:   'std::vector<std::vector<int> >' is not derived from 'const std::gamma_distribution<_RealType>'
    row_it != matrix.cend();
                          ^
In file included from D:/Qt/5.5/Tools/mingw492_32/i686-w64-mingw32/include/c++/random:49:0,
                 from D:/Qt/5.5/Tools/mingw492_32/i686-w64-mingw32/include/c++/bits/stl_algo.h:66,
                 from D:/Qt/5.5/Tools/mingw492_32/i686-w64-mingw32/include/c++/algorithm:62,
                 from solution.h:2,
                 from main.cpp:1:
D:/Qt/5.5/Tools/mingw492_32/i686-w64-mingw32/include/c++/bits/random.h:2919:5: note: template<class _RealType> bool std::operator!=(const std::chi_squared_distribution<_RealType>&, const std::chi_squared_distribution<_RealType>&)
     operator!=(const std::chi_squared_distribution<_RealType>& __d1,
     ^
D:/Qt/5.5/Tools/mingw492_32/i686-w64-mingw32/include/c++/bits/random.h:2919:5: note:   template argument deduction/substitution failed:
In file included from main.cpp:1:0:
solution.h:59:26: note:   'std::vector<std::vector<int> >' is not derived from 'const std::chi_squared_distribution<_RealType>'
    row_it != matrix.cend();
                          ^
In file included from D:/Qt/5.5/Tools/mingw492_32/i686-w64-mingw32/include/c++/random:49:0,
                 from D:/Qt/5.5/Tools/mingw492_32/i686-w64-mingw32/include/c++/bits/stl_algo.h:66,
                 from D:/Qt/5.5/Tools/mingw492_32/i686-w64-mingw32/include/c++/algorithm:62,
                 from solution.h:2,
                 from main.cpp:1:
D:/Qt/5.5/Tools/mingw492_32/i686-w64-mingw32/include/c++/bits/random.h:3086:5: note: template<class _RealType> bool std::operator!=(const std::cauchy_distribution<_RealType>&, const std::cauchy_distribution<_RealType>&)
     operator!=(const std::cauchy_distribution<_RealType>& __d1,
     ^
D:/Qt/5.5/Tools/mingw492_32/i686-w64-mingw32/include/c++/bits/random.h:3086:5: note:   template argument deduction/substitution failed:
In file included from main.cpp:1:0:
solution.h:59:26: note:   'std::vector<std::vector<int> >' is not derived from 'const std::cauchy_distribution<_RealType>'
    row_it != matrix.cend();
                          ^
In file included from D:/Qt/5.5/Tools/mingw492_32/i686-w64-mingw32/include/c++/random:49:0,
                 from D:/Qt/5.5/Tools/mingw492_32/i686-w64-mingw32/include/c++/bits/stl_algo.h:66,
                 from D:/Qt/5.5/Tools/mingw492_32/i686-w64-mingw32/include/c++/algorithm:62,
                 from solution.h:2,
                 from main.cpp:1:
D:/Qt/5.5/Tools/mingw492_32/i686-w64-mingw32/include/c++/bits/random.h:3342:5: note: template<class _RealType> bool std::operator!=(const std::fisher_f_distribution<_RealType>&, const std::fisher_f_distribution<_RealType>&)
     operator!=(const std::fisher_f_distribution<_RealType>& __d1,
     ^
D:/Qt/5.5/Tools/mingw492_32/i686-w64-mingw32/include/c++/bits/random.h:3342:5: note:   template argument deduction/substitution failed:
In file included from main.cpp:1:0:
solution.h:59:26: note:   'std::vector<std::vector<int> >' is not derived from 'const std::fisher_f_distribution<_RealType>'
    row_it != matrix.cend();
                          ^
In file included from D:/Qt/5.5/Tools/mingw492_32/i686-w64-mingw32/include/c++/random:49:0,
                 from D:/Qt/5.5/Tools/mingw492_32/i686-w64-mingw32/include/c++/bits/stl_algo.h:66,
                 from D:/Qt/5.5/Tools/mingw492_32/i686-w64-mingw32/include/c++/algorithm:62,
                 from solution.h:2,
                 from main.cpp:1:
D:/Qt/5.5/Tools/mingw492_32/i686-w64-mingw32/include/c++/bits/random.h:3555:5: note: template<class _RealType> bool std::operator!=(const std::student_t_distribution<_RealType>&, const std::student_t_distribution<_RealType>&)
     operator!=(const std::student_t_distribution<_RealType>& __d1,
     ^
D:/Qt/5.5/Tools/mingw492_32/i686-w64-mingw32/include/c++/bits/random.h:3555:5: note:   template argument deduction/substitution failed:
In file included from main.cpp:1:0:
solution.h:59:26: note:   'std::vector<std::vector<int> >' is not derived from 'const std::student_t_distribution<_RealType>'
    row_it != matrix.cend();
                          ^
In file included from D:/Qt/5.5/Tools/mingw492_32/i686-w64-mingw32/include/c++/random:49:0,
                 from D:/Qt/5.5/Tools/mingw492_32/i686-w64-mingw32/include/c++/bits/stl_algo.h:66,
                 from D:/Qt/5.5/Tools/mingw492_32/i686-w64-mingw32/include/c++/algorithm:62,
                 from solution.h:2,
                 from main.cpp:1:
D:/Qt/5.5/Tools/mingw492_32/i686-w64-mingw32/include/c++/bits/random.h:3731:3: note: bool std::operator!=(const std::bernoulli_distribution&, const std::bernoulli_distribution&)
   operator!=(const std::bernoulli_distribution& __d1,
   ^
D:/Qt/5.5/Tools/mingw492_32/i686-w64-mingw32/include/c++/bits/random.h:3731:3: note:   no known conversion for argument 1 from 'std::vector<std::vector<int> >' to 'const std::bernoulli_distribution&'
D:/Qt/5.5/Tools/mingw492_32/i686-w64-mingw32/include/c++/bits/random.h:3997:5: note: template<class _IntType> bool std::operator!=(const std::binomial_distribution<_IntType>&, const std::binomial_distribution<_IntType>&)
     operator!=(const std::binomial_distribution<_IntType>& __d1,
     ^
D:/Qt/5.5/Tools/mingw492_32/i686-w64-mingw32/include/c++/bits/random.h:3997:5: note:   template argument deduction/substitution failed:
In file included from main.cpp:1:0:
solution.h:59:26: note:   'std::vector<std::vector<int> >' is not derived from 'const std::binomial_distribution<_IntType>'
    row_it != matrix.cend();
                          ^
In file included from D:/Qt/5.5/Tools/mingw492_32/i686-w64-mingw32/include/c++/random:49:0,
                 from D:/Qt/5.5/Tools/mingw492_32/i686-w64-mingw32/include/c++/bits/stl_algo.h:66,
                 from D:/Qt/5.5/Tools/mingw492_32/i686-w64-mingw32/include/c++/algorithm:62,
                 from solution.h:2,
                 from main.cpp:1:
D:/Qt/5.5/Tools/mingw492_32/i686-w64-mingw32/include/c++/bits/random.h:4166:5: note: template<class _IntType> bool std::operator!=(const std::geometric_distribution<_IntType>&, const std::geometric_distribution<_IntType>&)
     operator!=(const std::geometric_distribution<_IntType>& __d1,
     ^
D:/Qt/5.5/Tools/mingw492_32/i686-w64-mingw32/include/c++/bits/random.h:4166:5: note:   template argument deduction/substitution failed:
In file included from main.cpp:1:0:
solution.h:59:26: note:   'std::vector<std::vector<int> >' is not derived from 'const std::geometric_distribution<_IntType>'
    row_it != matrix.cend();
                          ^
In file included from D:/Qt/5.5/Tools/mingw492_32/i686-w64-mingw32/include/c++/random:49:0,
                 from D:/Qt/5.5/Tools/mingw492_32/i686-w64-mingw32/include/c++/bits/stl_algo.h:66,
                 from D:/Qt/5.5/Tools/mingw492_32/i686-w64-mingw32/include/c++/algorithm:62,
                 from solution.h:2,
                 from main.cpp:1:
D:/Qt/5.5/Tools/mingw492_32/i686-w64-mingw32/include/c++/bits/random.h:4411:5: note: template<class _IntType> bool std::operator!=(const std::negative_binomial_distribution<_IntType>&, const std::negative_binomial_distribution<_IntType>&)
     operator!=(const std::negative_binomial_distribution<_IntType>& __d1,
     ^
D:/Qt/5.5/Tools/mingw492_32/i686-w64-mingw32/include/c++/bits/random.h:4411:5: note:   template argument deduction/substitution failed:
In file included from main.cpp:1:0:
solution.h:59:26: note:   'std::vector<std::vector<int> >' is not derived from 'const std::negative_binomial_distribution<_IntType>'
    row_it != matrix.cend();
                          ^
In file included from D:/Qt/5.5/Tools/mingw492_32/i686-w64-mingw32/include/c++/random:49:0,
                 from D:/Qt/5.5/Tools/mingw492_32/i686-w64-mingw32/include/c++/bits/stl_algo.h:66,
                 from D:/Qt/5.5/Tools/mingw492_32/i686-w64-mingw32/include/c++/algorithm:62,
                 from solution.h:2,
                 from main.cpp:1:
D:/Qt/5.5/Tools/mingw492_32/i686-w64-mingw32/include/c++/bits/random.h:4627:5: note: template<class _IntType> bool std::operator!=(const std::poisson_distribution<_IntType>&, const std::poisson_distribution<_IntType>&)
     operator!=(const std::poisson_distribution<_IntType>& __d1,
     ^
D:/Qt/5.5/Tools/mingw492_32/i686-w64-mingw32/include/c++/bits/random.h:4627:5: note:   template argument deduction/substitution failed:
In file included from main.cpp:1:0:
solution.h:59:26: note:   'std::vector<std::vector<int> >' is not derived from 'const std::poisson_distribution<_IntType>'
    row_it != matrix.cend();
                          ^
In file included from D:/Qt/5.5/Tools/mingw492_32/i686-w64-mingw32/include/c++/random:49:0,
                 from D:/Qt/5.5/Tools/mingw492_32/i686-w64-mingw32/include/c++/bits/stl_algo.h:66,
                 from D:/Qt/5.5/Tools/mingw492_32/i686-w64-mingw32/include/c++/algorithm:62,
                 from solution.h:2,
                 from main.cpp:1:
D:/Qt/5.5/Tools/mingw492_32/i686-w64-mingw32/include/c++/bits/random.h:4805:5: note: template<class _RealType> bool std::operator!=(const std::exponential_distribution<_RealType>&, const std::exponential_distribution<_RealType>&)
     operator!=(const std::exponential_distribution<_RealType>& __d1,
     ^
D:/Qt/5.5/Tools/mingw492_32/i686-w64-mingw32/include/c++/bits/random.h:4805:5: note:   template argument deduction/substitution failed:
In file included from main.cpp:1:0:
solution.h:59:26: note:   'std::vector<std::vector<int> >' is not derived from 'const std::exponential_distribution<_RealType>'
    row_it != matrix.cend();
                          ^
In file included from D:/Qt/5.5/Tools/mingw492_32/i686-w64-mingw32/include/c++/random:49:0,
                 from D:/Qt/5.5/Tools/mingw492_32/i686-w64-mingw32/include/c++/bits/stl_algo.h:66,
                 from D:/Qt/5.5/Tools/mingw492_32/i686-w64-mingw32/include/c++/algorithm:62,
                 from solution.h:2,
                 from main.cpp:1:
D:/Qt/5.5/Tools/mingw492_32/i686-w64-mingw32/include/c++/bits/random.h:5008:5: note: template<class _RealType> bool std::operator!=(const std::weibull_distribution<_RealType>&, const std::weibull_distribution<_RealType>&)
     operator!=(const std::weibull_distribution<_RealType>& __d1,
     ^
D:/Qt/5.5/Tools/mingw492_32/i686-w64-mingw32/include/c++/bits/random.h:5008:5: note:   template argument deduction/substitution failed:
In file included from main.cpp:1:0:
solution.h:59:26: note:   'std::vector<std::vector<int> >' is not derived from 'const std::weibull_distribution<_RealType>'
    row_it != matrix.cend();
                          ^
In file included from D:/Qt/5.5/Tools/mingw492_32/i686-w64-mingw32/include/c++/random:49:0,
                 from D:/Qt/5.5/Tools/mingw492_32/i686-w64-mingw32/include/c++/bits/stl_algo.h:66,
                 from D:/Qt/5.5/Tools/mingw492_32/i686-w64-mingw32/include/c++/algorithm:62,
                 from solution.h:2,
                 from main.cpp:1:
D:/Qt/5.5/Tools/mingw492_32/i686-w64-mingw32/include/c++/bits/random.h:5211:5: note: template<class _RealType> bool std::operator!=(const std::extreme_value_distribution<_RealType>&, const std::extreme_value_distribution<_RealType>&)
     operator!=(const std::extreme_value_distribution<_RealType>& __d1,
     ^
D:/Qt/5.5/Tools/mingw492_32/i686-w64-mingw32/include/c++/bits/random.h:5211:5: note:   template argument deduction/substitution failed:
In file included from main.cpp:1:0:
solution.h:59:26: note:   'std::vector<std::vector<int> >' is not derived from 'const std::extreme_value_distribution<_RealType>'
    row_it != matrix.cend();
                          ^
In file included from D:/Qt/5.5/Tools/mingw492_32/i686-w64-mingw32/include/c++/random:49:0,
                 from D:/Qt/5.5/Tools/mingw492_32/i686-w64-mingw32/include/c++/bits/stl_algo.h:66,
                 from D:/Qt/5.5/Tools/mingw492_32/i686-w64-mingw32/include/c++/algorithm:62,
                 from solution.h:2,
                 from main.cpp:1:
D:/Qt/5.5/Tools/mingw492_32/i686-w64-mingw32/include/c++/bits/random.h:5471:5: note: template<class _IntType> bool std::operator!=(const std::discrete_distribution<_IntType>&, const std::discrete_distribution<_IntType>&)
     operator!=(const std::discrete_distribution<_IntType>& __d1,
     ^
D:/Qt/5.5/Tools/mingw492_32/i686-w64-mingw32/include/c++/bits/random.h:5471:5: note:   template argument deduction/substitution failed:
In file included from main.cpp:1:0:
solution.h:59:26: note:   'std::vector<std::vector<int> >' is not derived from 'const std::discrete_distribution<_IntType>'
    row_it != matrix.cend();
                          ^
In file included from D:/Qt/5.5/Tools/mingw492_32/i686-w64-mingw32/include/c++/random:49:0,
                 from D:/Qt/5.5/Tools/mingw492_32/i686-w64-mingw32/include/c++/bits/stl_algo.h:66,
                 from D:/Qt/5.5/Tools/mingw492_32/i686-w64-mingw32/include/c++/algorithm:62,
                 from solution.h:2,
                 from main.cpp:1:
D:/Qt/5.5/Tools/mingw492_32/i686-w64-mingw32/include/c++/bits/random.h:5738:5: note: template<class _RealType> bool std::operator!=(const std::piecewise_constant_distribution<_RealType>&, const std::piecewise_constant_distribution<_RealType>&)
     operator!=(const std::piecewise_constant_distribution<_RealType>& __d1,
     ^
D:/Qt/5.5/Tools/mingw492_32/i686-w64-mingw32/include/c++/bits/random.h:5738:5: note:   template argument deduction/substitution failed:
In file included from main.cpp:1:0:
solution.h:59:26: note:   'std::vector<std::vector<int> >' is not derived from 'const std::piecewise_constant_distribution<_RealType>'
    row_it != matrix.cend();
                          ^
In file included from D:/Qt/5.5/Tools/mingw492_32/i686-w64-mingw32/include/c++/random:49:0,
                 from D:/Qt/5.5/Tools/mingw492_32/i686-w64-mingw32/include/c++/bits/stl_algo.h:66,
                 from D:/Qt/5.5/Tools/mingw492_32/i686-w64-mingw32/include/c++/algorithm:62,
                 from solution.h:2,
                 from main.cpp:1:
D:/Qt/5.5/Tools/mingw492_32/i686-w64-mingw32/include/c++/bits/random.h:6008:5: note: template<class _RealType> bool std::operator!=(const std::piecewise_linear_distribution<_RealType>&, const std::piecewise_linear_distribution<_RealType>&)
     operator!=(const std::piecewise_linear_distribution<_RealType>& __d1,
     ^
D:/Qt/5.5/Tools/mingw492_32/i686-w64-mingw32/include/c++/bits/random.h:6008:5: note:   template argument deduction/substitution failed:
In file included from main.cpp:1:0:
solution.h:59:26: note:   'std::vector<std::vector<int> >' is not derived from 'const std::piecewise_linear_distribution<_RealType>'
    row_it != matrix.cend();
                          ^
In file included from D:/Qt/5.5/Tools/mingw492_32/i686-w64-mingw32/include/c++/bits/locale_facets.h:48:0,
                 from D:/Qt/5.5/Tools/mingw492_32/i686-w64-mingw32/include/c++/bits/basic_ios.h:37,
                 from D:/Qt/5.5/Tools/mingw492_32/i686-w64-mingw32/include/c++/ios:44,
                 from D:/Qt/5.5/Tools/mingw492_32/i686-w64-mingw32/include/c++/ostream:38,
                 from D:/Qt/5.5/Tools/mingw492_32/i686-w64-mingw32/include/c++/iostream:39,
                 from solution.h:3,
                 from main.cpp:1:
D:/Qt/5.5/Tools/mingw492_32/i686-w64-mingw32/include/c++/bits/streambuf_iterator.h:210:5: note: template<class _CharT, class _Traits> bool std::operator!=(const std::istreambuf_iterator<_CharT, _Traits>&, const std::istreambuf_iterator<_CharT, _Traits>&)
     operator!=(const istreambuf_iterator<_CharT, _Traits>& __a,
     ^
D:/Qt/5.5/Tools/mingw492_32/i686-w64-mingw32/include/c++/bits/streambuf_iterator.h:210:5: note:   template argument deduction/substitution failed:
In file included from main.cpp:1:0:
solution.h:59:26: note:   'std::vector<std::vector<int> >' is not derived from 'const std::istreambuf_iterator<_CharT, _Traits>'
    row_it != matrix.cend();
                          ^
In file included from D:/Qt/5.5/Tools/mingw492_32/i686-w64-mingw32/include/c++/i686-w64-mingw32/bits/c++allocator.h:33:0,
                 from D:/Qt/5.5/Tools/mingw492_32/i686-w64-mingw32/include/c++/bits/allocator.h:46,
                 from D:/Qt/5.5/Tools/mingw492_32/i686-w64-mingw32/include/c++/vector:61,
                 from solution.h:1,
                 from main.cpp:1:
D:/Qt/5.5/Tools/mingw492_32/i686-w64-mingw32/include/c++/ext/new_allocator.h:144:5: note: template<class _Tp> bool __gnu_cxx::operator!=(const __gnu_cxx::new_allocator<_Tp>&, const __gnu_cxx::new_allocator<_Tp>&)
     operator!=(const new_allocator<_Tp>&, const new_allocator<_Tp>&)
     ^
D:/Qt/5.5/Tools/mingw492_32/i686-w64-mingw32/include/c++/ext/new_allocator.h:144:5: note:   template argument deduction/substitution failed:
In file included from main.cpp:1:0:
solution.h:59:26: note:   'std::vector<std::vector<int> >' is not derived from 'const __gnu_cxx::new_allocator<_Tp>'
    row_it != matrix.cend();
                          ^
In file included from D:/Qt/5.5/Tools/mingw492_32/i686-w64-mingw32/include/c++/bits/stl_algobase.h:67:0,
                 from D:/Qt/5.5/Tools/mingw492_32/i686-w64-mingw32/include/c++/vector:60,
                 from solution.h:1,
                 from main.cpp:1:
D:/Qt/5.5/Tools/mingw492_32/i686-w64-mingw32/include/c++/bits/stl_iterator.h:829:5: note: template<class _Iterator, class _Container> bool __gnu_cxx::operator!=(const __gnu_cxx::__normal_iterator<_Iterator, _Container>&, const __gnu_cxx::__normal_iterator<_Iterator, _Container>&)
     operator!=(const __normal_iterator<_Iterator, _Container>& __lhs,
     ^
D:/Qt/5.5/Tools/mingw492_32/i686-w64-mingw32/include/c++/bits/stl_iterator.h:829:5: note:   template argument deduction/substitution failed:
In file included from main.cpp:1:0:
solution.h:59:26: note:   'std::vector<std::vector<int> >' is not derived from 'const __gnu_cxx::__normal_iterator<_Iterator, _Container>'
    row_it != matrix.cend();
                          ^
In file included from D:/Qt/5.5/Tools/mingw492_32/i686-w64-mingw32/include/c++/bits/stl_algobase.h:67:0,
                 from D:/Qt/5.5/Tools/mingw492_32/i686-w64-mingw32/include/c++/vector:60,
                 from solution.h:1,
                 from main.cpp:1:
D:/Qt/5.5/Tools/mingw492_32/i686-w64-mingw32/include/c++/bits/stl_iterator.h:822:5: note: template<class _IteratorL, class _IteratorR, class _Container> bool __gnu_cxx::operator!=(const __gnu_cxx::__normal_iterator<_IteratorL, _Container>&, const __gnu_cxx::__normal_iterator<_IteratorR, _Container>&)
     operator!=(const __normal_iterator<_IteratorL, _Container>& __lhs,
     ^
D:/Qt/5.5/Tools/mingw492_32/i686-w64-mingw32/include/c++/bits/stl_iterator.h:822:5: note:   template argument deduction/substitution failed:
In file included from main.cpp:1:0:
solution.h:59:26: note:   'std::vector<std::vector<int> >' is not derived from 'const __gnu_cxx::__normal_iterator<_IteratorL, _Container>'
    row_it != matrix.cend();
                          ^
solution.h:60:10: error: no 'operator++(int)' declared for postfix '++' [-fpermissive]
    row_it++, w_row_it++)
          ^
solution.h:60:22: error: no 'operator++(int)' declared for postfix '++' [-fpermissive]
    row_it++, w_row_it++)
                      ^
solution.h:62:26: error: no match for 'operator*' (operand type is 'std::vector<std::vector<Element> >')
    in_it = back_inserter(*w_row_it);
                          ^
solution.h:63:15: error: base operand of '->' has non-pointer type 'std::vector<std::vector<int> >'
    copy(row_it->begin(), row_it->end(), in_it);
               ^
solution.h:63:32: error: base operand of '->' has non-pointer type 'std::vector<std::vector<int> >'
    copy(row_it->begin(), row_it->end(), in_it);
                                ^
